[debug] [2017-09-05T13:02:16.898Z] ----------------------------------------------------------------------
[debug] [2017-09-05T13:02:16.900Z] Command:       /usr/local/bin/node /usr/local/bin/firebase serve
[debug] [2017-09-05T13:02:16.900Z] CLI Version:   3.9.2
[debug] [2017-09-05T13:02:16.900Z] Platform:      darwin
[debug] [2017-09-05T13:02:16.900Z] Node Version:  v8.4.0
[debug] [2017-09-05T13:02:16.901Z] Time:          Tue Sep 05 2017 23:02:16 GMT+1000 (AEST)
[debug] [2017-09-05T13:02:16.901Z] ----------------------------------------------------------------------
[debug] 
[debug] [2017-09-05T13:02:16.961Z] > command requires scopes: ["email","openid","https://www.googleapis.com/auth/cloudplatformprojects.readonly","https://www.googleapis.com/auth/firebase","https://www.googleapis.com/auth/cloud-platform"]
[debug] [2017-09-05T13:02:16.962Z] > authorizing via signed-in user
[debug] [2017-09-05T13:02:16.963Z] >>> HTTP REQUEST GET https://admin.firebase.com/v1/projects/moto-lovers  
 Tue Sep 05 2017 23:02:16 GMT+1000 (AEST)
[debug] [2017-09-05T13:02:19.009Z] <<< HTTP RESPONSE 200
[debug] [2017-09-05T13:02:19.010Z] >>> HTTP REQUEST GET https://admin.firebase.com/v1/database/moto-lovers/tokens  
 Tue Sep 05 2017 23:02:19 GMT+1000 (AEST)
[debug] [2017-09-05T13:02:20.114Z] <<< HTTP RESPONSE 200
[info] 
[info] === Serving from '/Users/lucasnascimento/Desktop/moto-lovers'...
[info] 
[debug] [2017-09-05T13:02:20.116Z] >>> HTTP REQUEST GET https://cloudresourcemanager.googleapis.com/v1/projects/moto-lovers  
 Tue Sep 05 2017 23:02:20 GMT+1000 (AEST)
[debug] [2017-09-05T13:02:21.937Z] <<< HTTP RESPONSE 200
[debug] [2017-09-05T13:02:21.937Z] >>> HTTP REQUEST GET https://mobilesdk-pa.googleapis.com/v1/projects/489391068765/clients/_:getWebAppConfig  
 Tue Sep 05 2017 23:02:21 GMT+1000 (AEST)
[debug] [2017-09-05T13:02:24.107Z] <<< HTTP RESPONSE 200
[info] i  hosting: Serving hosting files from: dist
[info] ✔  hosting: Local server: http://localhost:5000

